
**** Build of configuration Debug for project sine_stereo ****

"c:\\ti\\ccsv6\\utils\\bin\\gmake" -k all 
'Building file: ../Sine_stereo.c'
'Invoking: C6000 Compiler'
"c:/ti/ccsv6/tools/compiler/c6000_7.4.12/bin/cl6x" -mv6710 --abi=coffabi -g --include_path="C:/ti/ccsv6/tools/compiler/c6000_7.4.12/include" --include_path="C:/ti/C6xCSL/include" --include_path="C:/ti/CCStudio/c6000/dsk6713/include" --define="CHIP_6713" --display_error_number --diag_wrap=off --mem_model:data=far --preproc_with_compile --preproc_dependency="Sine_stereo.pp"  "../Sine_stereo.c"
"../Sine_stereo.c", line 23: warning #225-D: function declared implicitly
"../Sine_stereo.c", line 31: warning #225-D: function declared implicitly
'Finished building: ../Sine_stereo.c'
' '
'Building file: ../Vectors_intr.asm'
'Invoking: C6000 Compiler'
"c:/ti/ccsv6/tools/compiler/c6000_7.4.12/bin/cl6x" -mv6710 --abi=coffabi -g --include_path="C:/ti/ccsv6/tools/compiler/c6000_7.4.12/include" --include_path="C:/ti/C6xCSL/include" --include_path="C:/ti/CCStudio/c6000/dsk6713/include" --define="CHIP_6713" --display_error_number --diag_wrap=off --mem_model:data=far --preproc_with_compile --preproc_dependency="Vectors_intr.pp"  "../Vectors_intr.asm"
'Finished building: ../Vectors_intr.asm'
' '
'Building file: ../c6713dskinit.c'
'Invoking: C6000 Compiler'
"c:/ti/ccsv6/tools/compiler/c6000_7.4.12/bin/cl6x" -mv6710 --abi=coffabi -g --include_path="C:/ti/ccsv6/tools/compiler/c6000_7.4.12/include" --include_path="C:/ti/C6xCSL/include" --include_path="C:/ti/CCStudio/c6000/dsk6713/include" --define="CHIP_6713" --display_error_number --diag_wrap=off --mem_model:data=far --preproc_with_compile --preproc_dependency="c6713dskinit.pp"  "../c6713dskinit.c"
'Finished building: ../c6713dskinit.c'
' '
'Building target: sine_stereo.out'
'Invoking: C6000 Linker'
"c:/ti/ccsv6/tools/compiler/c6000_7.4.12/bin/cl6x" -mv6710 --abi=coffabi -g --define="CHIP_6713" --display_error_number --diag_wrap=off --mem_model:data=far -z --stack_size=0x1000 -m"sine_stereo.map" -i"c:/ti/ccsv6/tools/compiler/c6000_7.4.12/lib" -i"c:/ti/ccsv6/tools/compiler/c6000_7.4.12/include" -i"C:/Users/cdaffron/git/rtdsp/lab2/sine_stereo" -i"C:/Users/cdaffron/Downloads/C6713/C6713/sine_stereo" -i"/lib" -i"c:/CCStudio_v3.1/C6000/dsk6713/lib" --reread_libs --warn_sections --display_error_number --diag_wrap=off --xml_link_info="sine_stereo_linkInfo.xml" --rom_model -o "sine_stereo.out"  "../C6713dsk.cmd" "./Sine_stereo.obj" "./Vectors_intr.obj" "./c6713dskinit.obj" -l"C:\ti\CCStudio\c6000\dsk6713\lib\dsk6713bsl.lib" -l"C:\ti\C6xCSL\lib_3x\csl6713.lib" -l"C:\ti\ccsv6\tools\compiler\c6000_7.4.12\lib\rts6700.lib" 
<Linking>
warning #16002-D: build attribute vendor section TI missing in "C:\ti\CCStudio\c6000\dsk6713\lib\dsk6713bsl.lib<dsk6713.obj>": compatibility cannot be determined
warning #16002-D: build attribute vendor section TI missing in "C:\ti\CCStudio\c6000\dsk6713\lib\dsk6713bsl.lib<dsk6713_aic23_opencodec.obj>": compatibility cannot be determined
warning #16002-D: build attribute vendor section TI missing in "C:\ti\CCStudio\c6000\dsk6713\lib\dsk6713bsl.lib<dsk6713_aic23_registers.obj>": compatibility cannot be determined
warning #16002-D: build attribute vendor section TI missing in "C:\ti\CCStudio\c6000\dsk6713\lib\dsk6713bsl.lib<dsk6713_aic23_setfreq.obj>": compatibility cannot be determined
warning #16002-D: build attribute vendor section TI missing in "C:\ti\C6xCSL\lib_3x\csl6713.lib<csl_irq.obj>": compatibility cannot be determined
warning #16002-D: build attribute vendor section TI missing in "C:\ti\C6xCSL\lib_3x\csl6713.lib<csl_mcbsp.obj>": compatibility cannot be determined
'Finished building target: sine_stereo.out'
' '

**** Build Finished ****
