
**** Build of configuration Debug for project sineDTMF_intr ****

"c:\\ti\\ccsv6\\utils\\bin\\gmake" -k all 
'Building file: ../sinedtmf_intr.c'
'Invoking: C6000 Compiler'
"c:/ti/ccsv6/tools/compiler/c6000_7.4.12/bin/cl6x" -mv6710 --abi=coffabi -g --include_path="C:/ti/ccsv6/tools/compiler/c6000_7.4.12/include" --include_path="C:/ti/CCStudio/c6000/dsk6713/include" --include_path="C:/ti/C6xCSL/include" --define="CHIP_6713" --display_error_number --diag_wrap=off --mem_model:data=far --preproc_with_compile --preproc_dependency="sinedtmf_intr.pp"  "../sinedtmf_intr.c"
"../sinedtmf_intr.c", line 50: warning #225-D: function declared implicitly
"../sinedtmf_intr.c", line 184: warning #225-D: function declared implicitly
"../sinedtmf_intr.c", line 209: warning #225-D: function declared implicitly
'Finished building: ../sinedtmf_intr.c'
' '
'Building target: sineDTMF_intr.out'
'Invoking: C6000 Linker'
"c:/ti/ccsv6/tools/compiler/c6000_7.4.12/bin/cl6x" -mv6710 --abi=coffabi -g --define="CHIP_6713" --display_error_number --diag_wrap=off --mem_model:data=far -z --stack_size=0x1000 -m"sineDTMF_intr.map" -i"c:/ti/ccsv6/tools/compiler/c6000_7.4.12/lib" -i"c:/ti/ccsv6/tools/compiler/c6000_7.4.12/include" -i"C:/Users/cdaffron/git/rtdsp/lab2/sineDTMF_intr" -i"C:/Users/cdaffron/Downloads/C6713/C6713/sineDTMF_intr" -i"/lib" -i"c:/CCStudio_v3.1/C6000/dsk6713/lib" --reread_libs --warn_sections --display_error_number --diag_wrap=off --xml_link_info="sineDTMF_intr_linkInfo.xml" --rom_model -o "sineDTMF_intr.out"  "../C6713dsk.cmd" "./Vectors_intr.obj" "./c6713dskinit.obj" "./sinedtmf_intr.obj" -l"C:\ti\CCStudio\c6000\dsk6713\lib\dsk6713bsl.lib" -l"C:\ti\C6xCSL\lib_3x\csl6713.lib" -l"C:\ti\ccsv6\tools\compiler\c6000_7.4.12\lib\rts6700.lib" 
<Linking>
warning #16002-D: build attribute vendor section TI missing in "C:\ti\CCStudio\c6000\dsk6713\lib\dsk6713bsl.lib<dsk6713.obj>": compatibility cannot be determined
warning #16002-D: build attribute vendor section TI missing in "C:\ti\CCStudio\c6000\dsk6713\lib\dsk6713bsl.lib<dsk6713_aic23_opencodec.obj>": compatibility cannot be determined
warning #16002-D: build attribute vendor section TI missing in "C:\ti\CCStudio\c6000\dsk6713\lib\dsk6713bsl.lib<dsk6713_aic23_registers.obj>": compatibility cannot be determined
warning #16002-D: build attribute vendor section TI missing in "C:\ti\CCStudio\c6000\dsk6713\lib\dsk6713bsl.lib<dsk6713_aic23_setfreq.obj>": compatibility cannot be determined
warning #16002-D: build attribute vendor section TI missing in "C:\ti\CCStudio\c6000\dsk6713\lib\dsk6713bsl.lib<dsk6713_dip.obj>": compatibility cannot be determined
warning #16002-D: build attribute vendor section TI missing in "C:\ti\C6xCSL\lib_3x\csl6713.lib<csl_irq.obj>": compatibility cannot be determined
warning #16002-D: build attribute vendor section TI missing in "C:\ti\C6xCSL\lib_3x\csl6713.lib<csl_mcbsp.obj>": compatibility cannot be determined
'Finished building target: sineDTMF_intr.out'
' '

**** Build Finished ****
