
**** Clean-only build of configuration Debug for project lab6_step2 ****

"c:\\ti\\ccsv6\\utils\\bin\\gmake" -k clean 
DEL /F  "lab6_step2.out"  "lab6_step2.hex" 
DEL /F "DSK6713_Support.pp" "ISRs.pp" "coeff.pp" "main.pp" 
DEL /F "DSK6713_Support.obj" "ISRs.obj" "coeff.obj" "main.obj" "vectors_EDMA.obj" 
DEL /F "vectors_EDMA.pp" 
Could Not Find C:\Users\cdaffron\git\rtdsp\lab6\lab6_step2\Debug\vectors_EDMA.pp
'Finished clean'
' '

**** Build Finished ****

**** Build of configuration Debug for project lab6_step2 ****

"c:\\ti\\ccsv6\\utils\\bin\\gmake" -k all 
'Building file: ../DSK6713_Support.c'
'Invoking: C6000 Compiler'
"c:/ti/ccsv6/tools/compiler/c6000_7.4.12/bin/cl6x" -mv6700 --abi=coffabi -O2 -g --include_path="c:/ti/ccsv6/tools/compiler/c6000_7.4.12/include" --include_path="C:/ti/C6xCSL/include" --include_path="C:/ti/CCStudio/c6000/dsk6713/include" --define=CHIP_6713 --display_error_number --diag_warning=225 --diag_wrap=off --preproc_with_compile --preproc_dependency="DSK6713_Support.pp"  "../DSK6713_Support.c"
'Finished building: ../DSK6713_Support.c'
' '
'Building file: ../ISRs.c'
'Invoking: C6000 Compiler'
"c:/ti/ccsv6/tools/compiler/c6000_7.4.12/bin/cl6x" -mv6700 --abi=coffabi -O2 -g --include_path="c:/ti/ccsv6/tools/compiler/c6000_7.4.12/include" --include_path="C:/ti/C6xCSL/include" --include_path="C:/ti/CCStudio/c6000/dsk6713/include" --define=CHIP_6713 --display_error_number --diag_warning=225 --diag_wrap=off --preproc_with_compile --preproc_dependency="ISRs.pp"  "../ISRs.c"
'Finished building: ../ISRs.c'
' '
'Building file: ../coeff.c'
'Invoking: C6000 Compiler'
"c:/ti/ccsv6/tools/compiler/c6000_7.4.12/bin/cl6x" -mv6700 --abi=coffabi -O2 -g --include_path="c:/ti/ccsv6/tools/compiler/c6000_7.4.12/include" --include_path="C:/ti/C6xCSL/include" --include_path="C:/ti/CCStudio/c6000/dsk6713/include" --define=CHIP_6713 --display_error_number --diag_warning=225 --diag_wrap=off --preproc_with_compile --preproc_dependency="coeff.pp"  "../coeff.c"
'Finished building: ../coeff.c'
' '
'Building file: ../main.c'
'Invoking: C6000 Compiler'
"c:/ti/ccsv6/tools/compiler/c6000_7.4.12/bin/cl6x" -mv6700 --abi=coffabi -O2 -g --include_path="c:/ti/ccsv6/tools/compiler/c6000_7.4.12/include" --include_path="C:/ti/C6xCSL/include" --include_path="C:/ti/CCStudio/c6000/dsk6713/include" --define=CHIP_6713 --display_error_number --diag_warning=225 --diag_wrap=off --preproc_with_compile --preproc_dependency="main.pp"  "../main.c"
'Finished building: ../main.c'
' '
'Building file: ../vectors_EDMA.asm'
'Invoking: C6000 Compiler'
"c:/ti/ccsv6/tools/compiler/c6000_7.4.12/bin/cl6x" -mv6700 --abi=coffabi -O2 -g --include_path="c:/ti/ccsv6/tools/compiler/c6000_7.4.12/include" --include_path="C:/ti/C6xCSL/include" --include_path="C:/ti/CCStudio/c6000/dsk6713/include" --define=CHIP_6713 --display_error_number --diag_warning=225 --diag_wrap=off --preproc_with_compile --preproc_dependency="vectors_EDMA.pp"  "../vectors_EDMA.asm"
'Finished building: ../vectors_EDMA.asm'
' '
'Building target: lab6_step2.out'
'Invoking: C6000 Linker'
"c:/ti/ccsv6/tools/compiler/c6000_7.4.12/bin/cl6x" -mv6700 --abi=coffabi -O2 -g --define=CHIP_6713 --display_error_number --diag_warning=225 --diag_wrap=off -z -m"lab6_step2.map" -i"c:/ti/ccsv6/tools/compiler/c6000_7.4.12/lib" -i"c:/ti/ccsv6/tools/compiler/c6000_7.4.12/include" --reread_libs --warn_sections --display_error_number --diag_wrap=off --xml_link_info="lab6_step2_linkInfo.xml" --rom_model -o "lab6_step2.out"  "./DSK6713_Support.obj" "./ISRs.obj" "./coeff.obj" "./main.obj" "./vectors_EDMA.obj" "../lnk6713.cmd" -l"libc.a" -l"C:\ti\C6xCSL\lib_3x\csl6713.lib" 
<Linking>
'Finished building target: lab6_step2.out'
' '

**** Build Finished ****

**** Build of configuration Debug for project lab6_step2 ****

"c:\\ti\\ccsv6\\utils\\bin\\gmake" -k all 
gmake: Nothing to be done for `all'.

**** Build Finished ****
